<?xml version="1.0" encoding="UTF-8"?>
<!-- Generated by org.testng.reporters.JUnitXMLReporter -->
<testsuite hostname="DESKTOP-85FO8PV" ignored="0" name="Default test" tests="3" failures="0" timestamp="2021-06-20T16:13:55 AEST" time="54.038" errors="0">
  <testcase name="runCreateLead" time="12.298" classname="stepDefinitions.CreateLeads"/>
  <testcase name="runCreateLead" time="12.014" classname="stepDefinitions.CreateLeads"/>
  <testcase name="runCreateLead" time="11.26" classname="stepDefinitions.CreateLeads"/>
</testsuite> <!-- Default test -->
