<?xml version="1.0" encoding="UTF-8"?>
<!-- Generated by org.testng.reporters.JUnitXMLReporter -->
<testsuite hostname="DESKTOP-85FO8PV" ignored="1" name="Leads TestCases" tests="8" failures="0" timestamp="2021-06-11T00:28:33 AEST" time="76.752" errors="0">
  <testcase name="runCreateLead" time="8.885" classname="testcase.CreateLead"/>
  <testcase name="runCreateLead" time="5.665" classname="testcase.CreateLead"/>
  <testcase name="runMergeLead" time="15.738" classname="testcase.MergeLead"/>
  <testcase name="runDuplicateLead" time="16.0" classname="testcase.DuplicateLead"/>
  <testcase name="runCreateLead" time="6.121" classname="testcase.CreateLead"/>
  <testcase name="runMergeLead" time="9.671" classname="testcase.MergeLead"/>
  <testcase name="runEditLead" time="8.091" classname="testcase.EditLead"/>
  <testcase name="runEditLead" time="7.552" classname="testcase.EditLead"/>
  <testcase name="runDeleteLead" time="0.0" classname="testcase.DeleteLead">
    <ignored/>
  </testcase> <!-- runDeleteLead -->
</testsuite> <!-- Leads TestCases -->
