<?xml version="1.0" encoding="UTF-8"?>
<testng-results skipped="0" failed="0" ignored="0" total="3" passed="3">
  <reporter-output>
  </reporter-output>
  <suite name="Default suite" duration-ms="54038" started-at="2021-06-20T16:13:01 AEST" finished-at="2021-06-20T16:13:55 AEST">
    <groups>
    </groups>
    <test name="Default test" duration-ms="54038" started-at="2021-06-20T16:13:01 AEST" finished-at="2021-06-20T16:13:55 AEST">
      <class name="stepDefinitions.CreateLeads">
        <test-method status="PASS" signature="launchBrowser()[pri:0, instance:stepDefinitions.CreateLeads@2f0a87b3]" name="launchBrowser" is-config="true" duration-ms="3893" started-at="2021-06-20T16:13:02 AEST" finished-at="2021-06-20T16:13:05 AEST">
          <reporter-output>
          </reporter-output>
        </test-method> <!-- launchBrowser -->
        <test-method status="PASS" signature="runCreateLead(java.lang.String, java.lang.String, java.lang.String, java.lang.String)[pri:0, instance:stepDefinitions.CreateLeads@2f0a87b3]" name="runCreateLead" duration-ms="12298" started-at="2021-06-20T16:13:05 AEST" data-provider="getData" finished-at="2021-06-20T16:13:18 AEST">
          <params>
            <param index="0">
              <value>
                <![CDATA[TestLeaf]]>
              </value>
            </param>
            <param index="1">
              <value>
                <![CDATA[Hari]]>
              </value>
            </param>
            <param index="2">
              <value>
                <![CDATA[R]]>
              </value>
            </param>
            <param index="3">
              <value>
                <![CDATA[99]]>
              </value>
            </param>
          </params>
          <reporter-output>
          </reporter-output>
        </test-method> <!-- runCreateLead -->
        <test-method status="PASS" signature="postCondition()[pri:0, instance:stepDefinitions.CreateLeads@2f0a87b3]" name="postCondition" is-config="true" duration-ms="88" started-at="2021-06-20T16:13:18 AEST" finished-at="2021-06-20T16:13:18 AEST">
          <reporter-output>
          </reporter-output>
        </test-method> <!-- postCondition -->
        <test-method status="PASS" signature="launchBrowser()[pri:0, instance:stepDefinitions.CreateLeads@2f0a87b3]" name="launchBrowser" is-config="true" duration-ms="2944" started-at="2021-06-20T16:13:18 AEST" finished-at="2021-06-20T16:13:21 AEST">
          <reporter-output>
          </reporter-output>
        </test-method> <!-- launchBrowser -->
        <test-method status="PASS" signature="runCreateLead(java.lang.String, java.lang.String, java.lang.String, java.lang.String)[pri:0, instance:stepDefinitions.CreateLeads@2f0a87b3]" name="runCreateLead" duration-ms="12014" started-at="2021-06-20T16:13:21 AEST" data-provider="getData" finished-at="2021-06-20T16:13:33 AEST">
          <params>
            <param index="0">
              <value>
                <![CDATA[CTS]]>
              </value>
            </param>
            <param index="1">
              <value>
                <![CDATA[Irah]]>
              </value>
            </param>
            <param index="2">
              <value>
                <![CDATA[Q]]>
              </value>
            </param>
            <param index="3">
              <value>
                <![CDATA[98]]>
              </value>
            </param>
          </params>
          <reporter-output>
          </reporter-output>
        </test-method> <!-- runCreateLead -->
        <test-method status="PASS" signature="postCondition()[pri:0, instance:stepDefinitions.CreateLeads@2f0a87b3]" name="postCondition" is-config="true" duration-ms="4151" started-at="2021-06-20T16:13:33 AEST" finished-at="2021-06-20T16:13:37 AEST">
          <reporter-output>
          </reporter-output>
        </test-method> <!-- postCondition -->
        <test-method status="PASS" signature="launchBrowser()[pri:0, instance:stepDefinitions.CreateLeads@2f0a87b3]" name="launchBrowser" is-config="true" duration-ms="2657" started-at="2021-06-20T16:13:37 AEST" finished-at="2021-06-20T16:13:40 AEST">
          <reporter-output>
          </reporter-output>
        </test-method> <!-- launchBrowser -->
        <test-method status="PASS" signature="runCreateLead(java.lang.String, java.lang.String, java.lang.String, java.lang.String)[pri:0, instance:stepDefinitions.CreateLeads@2f0a87b3]" name="runCreateLead" duration-ms="11260" started-at="2021-06-20T16:13:40 AEST" data-provider="getData" finished-at="2021-06-20T16:13:51 AEST">
          <params>
            <param index="0">
              <value>
                <![CDATA[TCS]]>
              </value>
            </param>
            <param index="1">
              <value>
                <![CDATA[Rahi]]>
              </value>
            </param>
            <param index="2">
              <value>
                <![CDATA[T]]>
              </value>
            </param>
            <param index="3">
              <value>
                <![CDATA[97]]>
              </value>
            </param>
          </params>
          <reporter-output>
          </reporter-output>
        </test-method> <!-- runCreateLead -->
        <test-method status="PASS" signature="postCondition()[pri:0, instance:stepDefinitions.CreateLeads@2f0a87b3]" name="postCondition" is-config="true" duration-ms="4161" started-at="2021-06-20T16:13:51 AEST" finished-at="2021-06-20T16:13:55 AEST">
          <reporter-output>
          </reporter-output>
        </test-method> <!-- postCondition -->
      </class> <!-- stepDefinitions.CreateLeads -->
    </test> <!-- Default test -->
  </suite> <!-- Default suite -->
</testng-results>
